2022-Mar-24 09:36:20 [background-preinit] INFO  o.h.v.i.u.Version                                  - HV000001: Hibernate Validator 6.2.2.Final
2022-Mar-24 09:36:20 [restartedMain] INFO  c.e.d.DemoAgainApplication                         - Starting DemoAgainApplication using Java 17.0.1 on HOXUANHUNG with PID 15248 (G:\HOXUANHUNG\demoAgain\target\classes started by xuanh in G:\HOXUANHUNG\demoAgain)
2022-Mar-24 09:36:20 [restartedMain] INFO  c.e.d.DemoAgainApplication                         - No active profile set, falling back to 1 default profile: "default"
2022-Mar-24 09:36:20 [restartedMain] INFO  o.s.b.d.e.DevToolsPropertyDefaultsPostProcessor    - Devtools property defaults active! Set 'spring.devtools.add-properties' to 'false' to disable
2022-Mar-24 09:36:20 [restartedMain] INFO  o.s.b.d.e.DevToolsPropertyDefaultsPostProcessor    - For additional web related logging consider setting the 'logging.level.web' property to 'DEBUG'
2022-Mar-24 09:36:21 [restartedMain] INFO  o.s.d.r.c.RepositoryConfigurationDelegate          - Bootstrapping Spring Data JPA repositories in DEFAULT mode.
2022-Mar-24 09:36:21 [restartedMain] INFO  o.s.d.r.c.RepositoryConfigurationDelegate          - Finished Spring Data repository scanning in 5 ms. Found 0 JPA repository interfaces.
2022-Mar-24 09:36:21 [restartedMain] INFO  o.s.c.s.PostProcessorRegistrationDelegate$BeanPostProcessorChecker - Bean 'org.springframework.ws.config.annotation.DelegatingWsConfiguration' of type [org.springframework.ws.config.annotation.DelegatingWsConfiguration$$EnhancerBySpringCGLIB$$196d4456] is not eligible for getting processed by all BeanPostProcessors (for example: not eligible for auto-proxying)
2022-Mar-24 09:36:21 [restartedMain] INFO  o.s.w.s.a.s.AnnotationActionEndpointMapping        - Supporting [WS-Addressing August 2004, WS-Addressing 1.0]
2022-Mar-24 09:36:21 [restartedMain] INFO  o.s.b.w.e.t.TomcatWebServer                        - Tomcat initialized with port(s): 9001 (http)
2022-Mar-24 09:36:21 [restartedMain] INFO  o.a.c.h.Http11NioProtocol                          - Initializing ProtocolHandler ["http-nio-9001"]
2022-Mar-24 09:36:21 [restartedMain] INFO  o.a.c.c.StandardService                            - Starting service [Tomcat]
2022-Mar-24 09:36:21 [restartedMain] INFO  o.a.c.c.StandardEngine                             - Starting Servlet engine: [Apache Tomcat/9.0.58]
2022-Mar-24 09:36:21 [restartedMain] INFO  o.a.c.c.C.[.[.[/demoAgain]                         - Initializing Spring embedded WebApplicationContext
2022-Mar-24 09:36:21 [restartedMain] INFO  o.s.b.w.s.c.ServletWebServerApplicationContext     - Root WebApplicationContext: initialization completed in 1048 ms
2022-Mar-24 09:36:21 [restartedMain] INFO  c.z.h.HikariDataSource                             - HikariPool-1 - Starting...
2022-Mar-24 09:36:22 [restartedMain] INFO  c.z.h.HikariDataSource                             - HikariPool-1 - Start completed.
2022-Mar-24 09:36:22 [restartedMain] INFO  o.s.b.a.h.H2ConsoleAutoConfiguration               - H2 console available at '/h2-console'. Database available at 'jdbc:postgresql://localhost:5432/CSDLdemo2'
2022-Mar-24 09:36:22 [restartedMain] INFO  o.h.j.i.u.LogHelper                                - HHH000204: Processing PersistenceUnitInfo [name: default]
2022-Mar-24 09:36:22 [restartedMain] INFO  o.h.Version                                        - HHH000412: Hibernate ORM core version 5.6.5.Final
2022-Mar-24 09:36:22 [restartedMain] INFO  o.h.a.c.Version                                    - HCANN000001: Hibernate Commons Annotations {5.1.2.Final}
2022-Mar-24 09:36:22 [restartedMain] INFO  o.h.d.Dialect                                      - HHH000400: Using dialect: org.hibernate.dialect.PostgreSQLDialect
2022-Mar-24 09:36:22 [restartedMain] INFO  o.h.e.t.j.p.i.JtaPlatformInitiator                 - HHH000490: Using JtaPlatform implementation: [org.hibernate.engine.transaction.jta.platform.internal.NoJtaPlatform]
2022-Mar-24 09:36:22 [restartedMain] INFO  o.s.o.j.LocalContainerEntityManagerFactoryBean     - Initialized JPA EntityManagerFactory for persistence unit 'default'
2022-Mar-24 09:36:22 [restartedMain] WARN  o.s.b.a.o.j.JpaBaseConfiguration$JpaWebConfiguration - spring.jpa.open-in-view is enabled by default. Therefore, database queries may be performed during view rendering. Explicitly configure spring.jpa.open-in-view to disable this warning
2022-Mar-24 09:36:22 [restartedMain] WARN  o.s.b.a.t.ThymeleafAutoConfiguration$DefaultTemplateResolverConfiguration - Cannot find template location: classpath:/templates/ (please add some templates or check your Thymeleaf configuration)
2022-Mar-24 09:36:22 [restartedMain] INFO  o.s.b.d.a.OptionalLiveReloadServer                 - LiveReload server is running on port 35729
2022-Mar-24 09:36:23 [restartedMain] INFO  o.a.c.h.Http11NioProtocol                          - Starting ProtocolHandler ["http-nio-9001"]
2022-Mar-24 09:36:23 [restartedMain] INFO  o.s.b.w.e.t.TomcatWebServer                        - Tomcat started on port(s): 9001 (http) with context path '/demoAgain'
2022-Mar-24 09:36:23 [restartedMain] INFO  c.e.d.DemoAgainApplication                         - Started DemoAgainApplication in 2.444 seconds (JVM running for 3.344)
2022-Mar-24 11:07:20 [RMI TCP Connection(93)-127.0.0.1] INFO  o.s.b.a.SpringApplicationAdminMXBeanRegistrar$SpringApplicationAdmin - Application shutdown requested.
2022-Mar-24 11:07:20 [RMI TCP Connection(93)-127.0.0.1] INFO  o.s.o.j.LocalContainerEntityManagerFactoryBean     - Closing JPA EntityManagerFactory for persistence unit 'default'
2022-Mar-24 11:07:20 [RMI TCP Connection(93)-127.0.0.1] INFO  c.z.h.HikariDataSource                             - HikariPool-1 - Shutdown initiated...
2022-Mar-24 11:07:20 [RMI TCP Connection(93)-127.0.0.1] INFO  c.z.h.HikariDataSource                             - HikariPool-1 - Shutdown completed.
2022-Mar-24 11:25:59 [background-preinit] INFO  o.h.v.i.u.Version                                  - HV000001: Hibernate Validator 6.2.2.Final
2022-Mar-24 11:25:59 [restartedMain] INFO  c.e.d.DemoAgainApplication                         - Starting DemoAgainApplication using Java 17.0.1 on HOXUANHUNG with PID 12916 (G:\HOXUANHUNG\demoAgain\target\classes started by xuanh in G:\HOXUANHUNG\demoAgain)
2022-Mar-24 11:25:59 [restartedMain] INFO  c.e.d.DemoAgainApplication                         - No active profile set, falling back to 1 default profile: "default"
2022-Mar-24 11:26:00 [restartedMain] INFO  o.s.b.d.e.DevToolsPropertyDefaultsPostProcessor    - Devtools property defaults active! Set 'spring.devtools.add-properties' to 'false' to disable
2022-Mar-24 11:26:00 [restartedMain] INFO  o.s.b.d.e.DevToolsPropertyDefaultsPostProcessor    - For additional web related logging consider setting the 'logging.level.web' property to 'DEBUG'
2022-Mar-24 11:26:00 [restartedMain] INFO  o.s.d.r.c.RepositoryConfigurationDelegate          - Bootstrapping Spring Data JPA repositories in DEFAULT mode.
2022-Mar-24 11:26:00 [restartedMain] INFO  o.s.d.r.c.RepositoryConfigurationDelegate          - Finished Spring Data repository scanning in 7 ms. Found 0 JPA repository interfaces.
2022-Mar-24 11:26:00 [restartedMain] INFO  o.s.c.s.PostProcessorRegistrationDelegate$BeanPostProcessorChecker - Bean 'org.springframework.ws.config.annotation.DelegatingWsConfiguration' of type [org.springframework.ws.config.annotation.DelegatingWsConfiguration$$EnhancerBySpringCGLIB$$920fed9b] is not eligible for getting processed by all BeanPostProcessors (for example: not eligible for auto-proxying)
2022-Mar-24 11:26:00 [restartedMain] INFO  o.s.w.s.a.s.AnnotationActionEndpointMapping        - Supporting [WS-Addressing August 2004, WS-Addressing 1.0]
2022-Mar-24 11:26:01 [restartedMain] INFO  o.s.b.w.e.t.TomcatWebServer                        - Tomcat initialized with port(s): 9001 (http)
2022-Mar-24 11:26:01 [restartedMain] INFO  o.a.c.h.Http11NioProtocol                          - Initializing ProtocolHandler ["http-nio-9001"]
2022-Mar-24 11:26:01 [restartedMain] INFO  o.a.c.c.StandardService                            - Starting service [Tomcat]
2022-Mar-24 11:26:01 [restartedMain] INFO  o.a.c.c.StandardEngine                             - Starting Servlet engine: [Apache Tomcat/9.0.58]
2022-Mar-24 11:26:01 [restartedMain] INFO  o.a.c.c.C.[.[.[/demoAgain]                         - Initializing Spring embedded WebApplicationContext
2022-Mar-24 11:26:01 [restartedMain] INFO  o.s.b.w.s.c.ServletWebServerApplicationContext     - Root WebApplicationContext: initialization completed in 1099 ms
2022-Mar-24 11:26:01 [restartedMain] INFO  c.z.h.HikariDataSource                             - HikariPool-1 - Starting...
2022-Mar-24 11:26:01 [restartedMain] INFO  c.z.h.HikariDataSource                             - HikariPool-1 - Start completed.
2022-Mar-24 11:26:01 [restartedMain] INFO  o.s.b.a.h.H2ConsoleAutoConfiguration               - H2 console available at '/h2-console'. Database available at 'jdbc:postgresql://localhost:5432/CSDLdemo2'
2022-Mar-24 11:26:01 [restartedMain] INFO  o.h.j.i.u.LogHelper                                - HHH000204: Processing PersistenceUnitInfo [name: default]
2022-Mar-24 11:26:01 [restartedMain] INFO  o.h.Version                                        - HHH000412: Hibernate ORM core version 5.6.5.Final
2022-Mar-24 11:26:01 [restartedMain] INFO  o.h.a.c.Version                                    - HCANN000001: Hibernate Commons Annotations {5.1.2.Final}
2022-Mar-24 11:26:01 [restartedMain] INFO  o.h.d.Dialect                                      - HHH000400: Using dialect: org.hibernate.dialect.PostgreSQLDialect
2022-Mar-24 11:26:01 [restartedMain] INFO  o.h.e.t.j.p.i.JtaPlatformInitiator                 - HHH000490: Using JtaPlatform implementation: [org.hibernate.engine.transaction.jta.platform.internal.NoJtaPlatform]
2022-Mar-24 11:26:01 [restartedMain] INFO  o.s.o.j.LocalContainerEntityManagerFactoryBean     - Initialized JPA EntityManagerFactory for persistence unit 'default'
2022-Mar-24 11:26:02 [restartedMain] WARN  o.s.b.a.o.j.JpaBaseConfiguration$JpaWebConfiguration - spring.jpa.open-in-view is enabled by default. Therefore, database queries may be performed during view rendering. Explicitly configure spring.jpa.open-in-view to disable this warning
2022-Mar-24 11:26:02 [restartedMain] WARN  o.s.b.a.t.ThymeleafAutoConfiguration$DefaultTemplateResolverConfiguration - Cannot find template location: classpath:/templates/ (please add some templates or check your Thymeleaf configuration)
2022-Mar-24 11:26:02 [restartedMain] INFO  o.s.b.d.a.OptionalLiveReloadServer                 - LiveReload server is running on port 35729
2022-Mar-24 11:26:02 [restartedMain] INFO  o.a.c.h.Http11NioProtocol                          - Starting ProtocolHandler ["http-nio-9001"]
2022-Mar-24 11:26:02 [restartedMain] INFO  o.s.b.w.e.t.TomcatWebServer                        - Tomcat started on port(s): 9001 (http) with context path '/demoAgain'
2022-Mar-24 11:26:02 [restartedMain] INFO  c.e.d.DemoAgainApplication                         - Started DemoAgainApplication in 2.727 seconds (JVM running for 3.577)
2022-Mar-24 11:31:05 [RMI TCP Connection(7)-127.0.0.1] INFO  o.s.b.a.SpringApplicationAdminMXBeanRegistrar$SpringApplicationAdmin - Application shutdown requested.
2022-Mar-24 11:31:05 [RMI TCP Connection(7)-127.0.0.1] INFO  o.s.o.j.LocalContainerEntityManagerFactoryBean     - Closing JPA EntityManagerFactory for persistence unit 'default'
2022-Mar-24 11:31:05 [RMI TCP Connection(7)-127.0.0.1] INFO  c.z.h.HikariDataSource                             - HikariPool-1 - Shutdown initiated...
2022-Mar-24 11:31:05 [RMI TCP Connection(7)-127.0.0.1] INFO  c.z.h.HikariDataSource                             - HikariPool-1 - Shutdown completed.
